!SESSION 2021-06-01 19:18:30.074 -----------------------------------------------
eclipse.buildId=unknown
java.version=1.8.0_275
java.vendor=Azul Systems, Inc.
BootLoader constants: OS=macosx, ARCH=x86_64, WS=cocoa, NL=pl_PL
Framework arguments:  -keyring /Users/Zofia/.eclipse_keyring
Command-line arguments:  -os macosx -ws cocoa -arch x86_64 -data @noDefault -keyring /Users/Zofia/.eclipse_keyring

!ENTRY org.eclipse.osgi 4 0 2021-06-01 19:18:32.217
!MESSAGE Application error
!STACK 1
java.lang.IllegalStateException: The platform metadata area could not be written: /private/var/folders/03/7fkx77y96873mgvwk501bypw0000gn/T/AppTranslocation/AD818E1F-B8C4-41A6-8BA1-03EA88667A23/d/Katalon Studio.app/Contents/MacOS/config/.metadata.  By default the platform writes its content
under the current working directory when the platform is launched.  Use the -data parameter to
specify a different content area for the platform.
	at org.eclipse.core.internal.runtime.DataArea.assertLocationInitialized(DataArea.java:73)
	at org.eclipse.core.internal.runtime.DataArea.getStateLocation(DataArea.java:141)
	at org.eclipse.core.internal.preferences.InstancePreferences.getBaseLocation(InstancePreferences.java:47)
	at org.eclipse.core.internal.preferences.InstancePreferences.initializeChildren(InstancePreferences.java:212)
	at org.eclipse.core.internal.preferences.InstancePreferences.<init>(InstancePreferences.java:62)
	at org.eclipse.core.internal.preferences.InstancePreferences.internalCreate(InstancePreferences.java:224)
	at org.eclipse.core.internal.preferences.EclipsePreferences.create(EclipsePreferences.java:352)
	at org.eclipse.core.internal.preferences.EclipsePreferences.create(EclipsePreferences.java:340)
	at org.eclipse.core.internal.preferences.PreferencesService.createNode(PreferencesService.java:395)
	at org.eclipse.core.internal.preferences.RootPreferences.getChild(RootPreferences.java:63)
	at org.eclipse.core.internal.preferences.RootPreferences.getNode(RootPreferences.java:98)
	at org.eclipse.core.internal.preferences.RootPreferences.node(RootPreferences.java:87)
	at org.eclipse.core.internal.preferences.AbstractScope.getNode(AbstractScope.java:41)
	at org.eclipse.core.runtime.preferences.InstanceScope.getNode(InstanceScope.java:80)
	at com.kms.katalon.preferences.internal.ScopedPreferenceStore.getStorePreferences(ScopedPreferenceStore.java:216)
	at com.kms.katalon.preferences.internal.ScopedPreferenceStore.<init>(ScopedPreferenceStore.java:117)
	at com.kms.katalon.preferences.internal.PreferenceStoreManager.initialPreferenceStore(PreferenceStoreManager.java:25)
	at com.kms.katalon.preferences.internal.PreferenceStoreManager.getPreferenceStore(PreferenceStoreManager.java:21)
	at com.kms.katalon.application.MacOSAddon.initDefaultJRE(MacOSAddon.java:59)
	at com.kms.katalon.application.MacOSAddon.initMacOSConfig(MacOSAddon.java:48)
	at com.kms.katalon.application.Application.preRunInit(Application.java:152)
	at com.kms.katalon.application.Application.start(Application.java:65)
	at org.eclipse.equinox.internal.app.EclipseAppHandle.run(EclipseAppHandle.java:203)
	at org.eclipse.core.runtime.internal.adaptor.EclipseAppLauncher.runApplication(EclipseAppLauncher.java:137)
	at org.eclipse.core.runtime.internal.adaptor.EclipseAppLauncher.start(EclipseAppLauncher.java:107)
	at org.eclipse.core.runtime.adaptor.EclipseStarter.run(EclipseStarter.java:401)
	at org.eclipse.core.runtime.adaptor.EclipseStarter.run(EclipseStarter.java:255)
	at sun.reflect.NativeMethodAccessorImpl.invoke0(Native Method)
	at sun.reflect.NativeMethodAccessorImpl.invoke(NativeMethodAccessorImpl.java:62)
	at sun.reflect.DelegatingMethodAccessorImpl.invoke(DelegatingMethodAccessorImpl.java:43)
	at java.lang.reflect.Method.invoke(Method.java:498)
	at org.eclipse.equinox.launcher.Main.invokeFramework(Main.java:657)
	at org.eclipse.equinox.launcher.Main.basicRun(Main.java:594)
	at org.eclipse.equinox.launcher.Main.run(Main.java:1447)
